[ T-Deposit ]
    title = Dose deposition in each organ
     mesh =  reg            # mesh type is region-wise
      reg = { 100 - 102 }
     unit =    0            # unit is [Gy/source]
   letmat =    0            # (D=0) mat ID for LET, 0:real mat, <0: electron for H2O
  dedxfnc =    0            # (D=0) user defined multiplier, 0(no), 1, 2
 material =  all            # (D=all) number of specific material
   output =  dose           # total deposit energy
  deposit =    0            # (D=0) 0-> total deposit dist, 1-> each process
     axis =   reg           # axis of output
     file = deposited_dose_organs.out  # file name of output for the above axis
     part =  photon     all      
# kf/name :  22         0        
    gshow =    1            # 0: no 1:bnd, 2:bnd+mat, 3:bnd+reg 4:bnd+lat 5:bmp style
    resol =    1            # (D=1) resolution of gshow or rshow
    width = 0.5000000       # (D=0.5) width of lines for gshow or rshow
   epsout =    1            # (D=0) generate eps file by ANGEL
#    used :        main (  %)        temp (  %)       total (  %)
#  memory :           7 (  0)           0 (  0)           7 (  0)

#------------------------------------------------------------------------------
#newpage:
#   no. =  1

x: Serial Num. of Region
y: Dose [Gy/source]      
p: xlin ylog afac(0.8) form(0.9)
h:   x      n     n          y(photon  ),l3 n   y(all     ),d4r n   
#  num    reg     volume       photon    r.err      all       r.err 
    1     100   5.2360E-01   1.6731E-11  0.3100   5.1510E-04  0.0019
    2     101   1.9873E+03   5.4693E-13  0.0276   2.7624E-06  0.0003
    3     102   5.8464E+02   1.3651E-13  0.0733   9.3540E-07  0.0009

#   sum over                 1.1755E-09           6.3063E-03

'no. =  1'
msuc: {\huge Dose deposition in each organ}
msdr: {\it plotted by \ANGEL \version}
msdl: {\it calculated by \PHITS  3.32}
 
# Information for Restart Calculation
# This calculation was newly started
# istdev =  1 # 1:Batch variance, 2:History variance
# resc2  = 1.00000019998518932E-04 # Total source weight or Total source weight / maxcas
# resc3  = 1.00000000000000000E+04 # Total history number or Total batch number
# maxcas =        1000 # History / Batch, only used for istdev=1
# bitrseed = 1000110000001000111111101100101001110101110010000011011101101000 # bit data of rseed
